2022-07-07 23:24:13 info: service start ,,, 
2022-07-07 23:24:15 info: [MUSIC LIST INSERT BATCH START]
2022-07-07 23:24:15 info: => EXECUTE DESTROY DATA
2022-07-07 23:24:15 info: => [DESTROY DATA] SUCCESS
2022-07-07 23:24:21 info: => [BULK_CREATE] COMMIT
2022-07-07 23:24:25 info: GET /list
2022-07-07 23:24:26 info: GET /list
2022-07-07 23:26:52 info: service start ,,, 
2022-07-07 23:26:57 info: service start ,,, 
2022-07-07 23:27:01 info: [MUSIC LIST INSERT BATCH START]
2022-07-07 23:27:01 info: => EXECUTE DESTROY DATA
2022-07-07 23:27:01 info: => [DESTROY DATA] SUCCESS
2022-07-07 23:27:07 info: => [BULK_CREATE] COMMIT
2022-07-07 23:27:25 info: service start ,,, 
2022-07-07 23:27:32 info: service start ,,, 
2022-07-07 23:27:35 info: [MUSIC LIST INSERT BATCH START]
2022-07-07 23:27:35 info: => EXECUTE DESTROY DATA
2022-07-07 23:27:35 info: => [DESTROY DATA] SUCCESS
2022-07-07 23:27:42 info: => [BULK_CREATE] COMMIT
2022-07-07 23:28:14 info: service start ,,, 
2022-07-07 23:28:15 info: [MUSIC LIST INSERT BATCH START]
2022-07-07 23:28:15 info: => EXECUTE DESTROY DATA
2022-07-07 23:28:15 info: => [DESTROY DATA] SUCCESS
2022-07-07 23:28:22 error: => [BULK_CREATE] ERROR !! => Error: error!!!
2022-07-07 23:28:41 info: service start ,,, 
2022-07-07 23:28:45 info: [MUSIC LIST INSERT BATCH START]
2022-07-07 23:28:45 info: => EXECUTE DESTROY DATA
2022-07-07 23:28:45 info: => [DESTROY DATA] SUCCESS
2022-07-07 23:28:49 error: => [BULK_CREATE] ERROR !! => Error: error!!!
2022-07-07 23:29:03 info: service start ,,, 
2022-07-07 23:29:05 info: [MUSIC LIST INSERT BATCH START]
2022-07-07 23:29:05 info: => EXECUTE DESTROY DATA
2022-07-07 23:29:05 info: => [DESTROY DATA] SUCCESS
2022-07-07 23:29:06 error: => [BULK_CREATE] ERROR !! => Error: error!!!
2022-07-07 23:30:05 info: [MUSIC LIST INSERT BATCH START]
2022-07-07 23:30:05 info: => EXECUTE DESTROY DATA
2022-07-07 23:30:05 info: => [DESTROY DATA] SUCCESS
2022-07-07 23:30:08 error: => [BULK_CREATE] ERROR !! => Error: error!!!
2022-07-07 23:31:05 info: [MUSIC LIST INSERT BATCH START]
2022-07-07 23:31:05 info: => EXECUTE DESTROY DATA
2022-07-07 23:31:05 info: => [DESTROY DATA] SUCCESS
2022-07-07 23:31:15 error: => [scheduleJob] Error !! => Error: net::ERR_NETWORK_CHANGED at https://vibe.naver.com/chart/total
2022-07-07 23:32:01 info: service start ,,, 
2022-07-07 23:32:05 info: [MUSIC LIST INSERT BATCH START]
2022-07-07 23:32:05 info: => EXECUTE DESTROY DATA
2022-07-07 23:32:05 info: => [DESTROY DATA] SUCCESS
2022-07-07 23:32:09 info: => [BULK_CREATE] COMMIT
2022-07-07 23:32:21 info: service start ,,, 
2022-07-07 23:32:25 info: [MUSIC LIST INSERT BATCH START]
2022-07-07 23:32:25 info: => EXECUTE DESTROY DATA
2022-07-07 23:32:25 info: => [DESTROY DATA] SUCCESS
2022-07-07 23:32:27 error: => [BULK_CREATE] ERROR !! => Error: error!!!
2022-07-07 23:33:15 info: service start ,,, 
2022-07-07 23:33:18 info: [MUSIC LIST INSERT BATCH START]
2022-07-07 23:33:18 info: => EXECUTE DESTROY DATA
2022-07-07 23:33:18 info: => [DESTROY DATA] SUCCESS
2022-07-07 23:33:18 error: => [scheduleJob] Error !! => Error: error!!!
2022-07-07 23:33:28 info: service start ,,, 
2022-07-07 23:33:30 info: [MUSIC LIST INSERT BATCH START]
2022-07-07 23:33:30 info: => EXECUTE DESTROY DATA
2022-07-07 23:33:30 info: => [DESTROY DATA] SUCCESS
2022-07-07 23:33:33 info: => [BULK_CREATE] COMMIT
2022-07-07 23:34:00 info: service start ,,, 
2022-07-07 23:34:05 info: [MUSIC LIST INSERT BATCH START]
2022-07-07 23:34:05 info: => EXECUTE DESTROY DATA
2022-07-07 23:34:05 info: => [DESTROY DATA] SUCCESS
2022-07-07 23:34:05 error: => [DESTROY DATA] ERROR !! => Error: error!!!
2022-07-07 23:34:07 info: => [BULK_CREATE] COMMIT
2022-07-07 23:34:29 info: service start ,,, 
2022-07-07 23:34:30 info: [MUSIC LIST INSERT BATCH START]
2022-07-07 23:34:30 info: => EXECUTE DESTROY DATA
2022-07-07 23:34:30 info: => [DESTROY DATA] SUCCESS
2022-07-07 23:34:36 info: => [BULK_CREATE] COMMIT
2022-07-07 23:34:39 info: service start ,,, 
2022-07-07 23:34:44 info: service start ,,, 
2022-07-07 23:34:50 info: [MUSIC LIST INSERT BATCH START]
2022-07-07 23:34:50 info: => EXECUTE DESTROY DATA
2022-07-07 23:34:50 info: => [DESTROY DATA] SUCCESS
2022-07-07 23:34:50 error: => [DESTROY DATA] ERROR !! => Error: error!!!
2022-07-07 23:34:54 error: => [BULK_CREATE] ERROR !! => Error: rollback has been called on this transaction(5ca041a7-16ff-4bc4-9977-b9de854c1700), you can no longer use it. (The rejected query is attached as the 'sql' property of this error)
2022-07-07 23:35:24 info: service start ,,, 
2022-07-07 23:35:25 info: [MUSIC LIST INSERT BATCH START]
2022-07-07 23:35:25 info: => EXECUTE DESTROY DATA
2022-07-07 23:35:25 info: => [DESTROY DATA] SUCCESS
2022-07-07 23:35:32 info: => [BULK_CREATE] COMMIT
2022-07-07 23:36:08 info: service start ,,, 
2022-07-07 23:36:10 info: [MUSIC LIST INSERT BATCH START]
2022-07-07 23:36:10 info: => EXECUTE DESTROY DATA
2022-07-07 23:36:10 error: => [scheduleJob] Error !! => ReferenceError: transaction1 is not defined
